__________________________________________________________________________

Mon Apr 15 18:24:55 COT 2024

Memoria libre: 63317 kB
Memoria total: 118784 kB

java.class.path:
    C:\Users\User\AppData\Local\Temp\I1713223483\InstallerData\IAClasses.zip
    C:\Users\User\AppData\Local\Temp\I1713223483\InstallerData\Execute.zip
    C:\Users\User\AppData\Local\Temp\I1713223483\Windows\InstallerData\Execute.zip
    C:\Users\User\AppData\Local\Temp\I1713223483\InstallerData\Resource1.zip
    C:\Users\User\AppData\Local\Temp\I1713223483\Windows\InstallerData\Resource1.zip
    C:\Users\User\AppData\Local\Temp\I1713223483\InstallerData
    C:\Users\User\AppData\Local\Temp\I1713223483\Windows\InstallerData

ZGUtil.CLASS_PATH:
    C:\Users\User\AppData\Local\Temp\I1713223483\InstallerData\IAClasses.zip
    C:\Users\User\AppData\Local\Temp\I1713223483\InstallerData\Execute.zip
    C:\Users\User\AppData\Local\Temp\I1713223483\InstallerData

sun.boot.class.path:
    C:\Users\User\AppData\Local\Temp\I1713223483\Windows\resource\jre\lib\resources.jar
    C:\Users\User\AppData\Local\Temp\I1713223483\Windows\resource\jre\lib\rt.jar
    C:\Users\User\AppData\Local\Temp\I1713223483\Windows\resource\jre\lib\sunrsasign.jar
    C:\Users\User\AppData\Local\Temp\I1713223483\Windows\resource\jre\lib\jsse.jar
    C:\Users\User\AppData\Local\Temp\I1713223483\Windows\resource\jre\lib\jce.jar
    C:\Users\User\AppData\Local\Temp\I1713223483\Windows\resource\jre\lib\charsets.jar
    C:\Users\User\AppData\Local\Temp\I1713223483\Windows\resource\jre\lib\jfr.jar
    C:\Users\User\AppData\Local\Temp\I1713223483\Windows\resource\jre\classes

java.ext.dirs:
    C:\Users\User\AppData\Local\Temp\I1713223483\Windows\resource\jre\lib\ext
    C:\WINDOWS\Sun\Java\lib\ext

java.version                  == 1.7.0_51 (Java 1)
java.vm.name                  == Java HotSpot(TM) 64-Bit Server VM
java.vm.vendor                == Oracle Corporation
java.vm.version               == 24.51-b03
java.vm.specification.name    == Java Virtual Machine Specification
java.vm.specification.vendor  == Oracle Corporation
java.vm.specification.version == 1.7
java.specification.name       == Java Platform API Specification
java.specification.vendor     == Oracle Corporation
java.specification.version    == 1.7
java.vendor                   == Oracle Corporation
java.vendor.url               == http://java.oracle.com/
java.class.version            == 51.0
java.compiler                 == null
java.home                     == C:\Users\User\AppData\Local\Temp\I1713223483\Windows\resource\jre
java.io.tmpdir                == C:\Users\User\AppData\Local\Temp\
os.name                       == Windows 8
os.arch                       == amd64
os.version                    == 6.2
path.separator                == ;
file.separator                == \
file.encoding                 == Cp1252
user.name                     == User
user.home                     == C:\Users\User
user.dir                      == C:\Users\User\AppData\Local\Temp\I1713223483\Windows
user.language                 == es
user.region                   == null
__________________________________________________________________________

Funciones instaladas Aplicación, Language de LOGO!Soft Comfort V8.0 

Inicio de instalación: 15 DE ABRIL DE 2024 18:24:51 COT
Fin de instalación: 15 DE ABRIL DE 2024 18:24:51 COT

Instalado por InstallAnywhere 14.0 Enterprise Build 4349, por Acresso

LA INSTALACIÓN FUE CANCELADA POR EL USUARIO DURANTE EL PROCESO PREVIO A LA INSTALACIÓN

Interacciones del usuario
-------------------------


Resumen
-------

Instalación: Cancelada durante el proceso previo a la instalación.

19 Éxitos
0 Advertencias
0 Errores no fatales
0 Errores fatales

Notas de acción:

Ninguna

Detalles del registro de instalación:

Comprobar espacio en disco:  C:\Program Files\
                          Estado:SATISFACTORIO
                          Notas adicionales:NOTA - Required Disk Space: 173.621.883; Free Disk Space: 390.353.522.688



















LA INSTALACIÓN FUE CANCELADA POR EL USUARIO DURANTE EL PROCESO PREVIO A LA INSTALACIÓN
